\BOOKMARK [1][-]{section.1}{\376\377\000I\000n\000t\000r\000o\000d\000u\000c\000t\000i\000o\000n}{}% 1
\BOOKMARK [1][-]{section.2}{\376\377\000D\000i\000s\000a\000g\000g\000r\000e\000g\000a\000t\000e\000\040\000H\000a\000r\000d\000w\000a\000r\000e\000\040\000R\000e\000s\000o\000u\000r\000c\000e}{}% 2
\BOOKMARK [2][-]{subsection.2.1}{\376\377\000L\000i\000m\000i\000t\000a\000t\000i\000o\000n\000s\000\040\000o\000f\000\040\000M\000o\000n\000o\000l\000i\000t\000h\000i\000c\000\040\000S\000e\000r\000v\000e\000r\000s}{section.2}% 3
\BOOKMARK [2][-]{subsection.2.2}{\376\377\000H\000a\000r\000d\000w\000a\000r\000e\000\040\000R\000e\000s\000o\000u\000r\000c\000e\000\040\000D\000i\000s\000a\000g\000g\000r\000e\000g\000a\000t\000i\000o\000n}{section.2}% 4
\BOOKMARK [2][-]{subsection.2.3}{\376\377\000O\000S\000e\000s\000\040\000f\000o\000r\000\040\000R\000e\000s\000o\000u\000r\000c\000e\000\040\000D\000i\000s\000a\000g\000g\000r\000e\000g\000a\000t\000i\000o\000n}{section.2}% 5
\BOOKMARK [1][-]{section.3}{\376\377\000T\000h\000e\000\040\000S\000p\000l\000i\000t\000k\000e\000r\000n\000e\000l\000\040\000O\000S\000\040\000A\000r\000c\000h\000i\000t\000e\000c\000t\000u\000r\000e}{}% 6
\BOOKMARK [1][-]{section.4}{\376\377\000L\000e\000g\000o\000O\000S\000\040\000D\000e\000s\000i\000g\000n}{}% 7
\BOOKMARK [2][-]{subsection.4.1}{\376\377\000A\000b\000s\000t\000r\000a\000c\000t\000i\000o\000n\000\040\000a\000n\000d\000\040\000U\000s\000a\000g\000e\000\040\000M\000o\000d\000e\000l}{section.4}% 8
\BOOKMARK [2][-]{subsection.4.2}{\376\377\000H\000a\000r\000d\000w\000a\000r\000e\000\040\000A\000r\000c\000h\000i\000t\000e\000c\000t\000u\000r\000e}{section.4}% 9
\BOOKMARK [2][-]{subsection.4.3}{\376\377\000P\000r\000o\000c\000e\000s\000s\000\040\000M\000a\000n\000a\000g\000e\000m\000e\000n\000t}{section.4}% 10
\BOOKMARK [3][-]{subsubsection.4.3.1}{\376\377\000P\000r\000o\000c\000e\000s\000s\000\040\000M\000a\000n\000a\000g\000e\000m\000e\000n\000t\000\040\000a\000n\000d\000\040\000S\000c\000h\000e\000d\000u\000l\000i\000n\000g}{subsection.4.3}% 11
\BOOKMARK [3][-]{subsubsection.4.3.2}{\376\377\000E\000x\000C\000a\000c\000h\000e\000\040\000M\000a\000n\000a\000g\000e\000m\000e\000n\000t}{subsection.4.3}% 12
\BOOKMARK [3][-]{subsubsection.4.3.3}{\376\377\000S\000u\000p\000p\000o\000r\000t\000i\000n\000g\000\040\000L\000i\000n\000u\000x\000\040\000S\000y\000s\000c\000a\000l\000l\000\040\000I\000n\000t\000e\000r\000f\000a\000c\000e}{subsection.4.3}% 13
\BOOKMARK [2][-]{subsection.4.4}{\376\377\000M\000e\000m\000o\000r\000y\000\040\000M\000a\000n\000a\000g\000e\000m\000e\000n\000t}{section.4}% 14
\BOOKMARK [3][-]{subsubsection.4.4.1}{\376\377\000M\000e\000m\000o\000r\000y\000\040\000S\000p\000a\000c\000e\000\040\000M\000a\000n\000a\000g\000e\000m\000e\000n\000t}{subsection.4.4}% 15
\BOOKMARK [3][-]{subsubsection.4.4.2}{\376\377\000O\000p\000t\000i\000m\000i\000z\000a\000t\000i\000o\000n\000\040\000o\000n\000\040\000M\000e\000m\000o\000r\000y\000\040\000A\000c\000c\000e\000s\000s\000e\000s}{subsection.4.4}% 16
\BOOKMARK [2][-]{subsection.4.5}{\376\377\000S\000t\000o\000r\000a\000g\000e\000\040\000M\000a\000n\000a\000g\000e\000m\000e\000n\000t}{section.4}% 17
\BOOKMARK [2][-]{subsection.4.6}{\376\377\000G\000l\000o\000b\000a\000l\000\040\000R\000e\000s\000o\000u\000r\000c\000e\000\040\000M\000a\000n\000a\000g\000e\000m\000e\000n\000t}{section.4}% 18
\BOOKMARK [2][-]{subsection.4.7}{\376\377\000R\000e\000l\000i\000a\000b\000i\000l\000i\000t\000y\000\040\000a\000n\000d\000\040\000F\000a\000i\000l\000u\000r\000e\000\040\000H\000a\000n\000d\000l\000i\000n\000g}{section.4}% 19
\BOOKMARK [1][-]{section.5}{\376\377\000L\000e\000g\000o\000O\000S\000\040\000I\000m\000p\000l\000e\000m\000e\000n\000t\000a\000t\000i\000o\000n}{}% 20
\BOOKMARK [2][-]{subsection.5.1}{\376\377\000H\000a\000r\000d\000w\000a\000r\000e\000\040\000E\000m\000u\000l\000a\000t\000i\000o\000n}{section.5}% 21
\BOOKMARK [2][-]{subsection.5.2}{\376\377\000N\000e\000t\000w\000o\000r\000k\000\040\000S\000t\000a\000c\000k}{section.5}% 22
\BOOKMARK [2][-]{subsection.5.3}{\376\377\000P\000r\000o\000c\000e\000s\000s\000o\000r\000\040\000M\000o\000n\000i\000t\000o\000r}{section.5}% 23
\BOOKMARK [2][-]{subsection.5.4}{\376\377\000M\000e\000m\000o\000r\000y\000\040\000M\000o\000n\000i\000t\000o\000r}{section.5}% 24
\BOOKMARK [2][-]{subsection.5.5}{\376\377\000S\000t\000o\000r\000a\000g\000e\000\040\000M\000o\000n\000i\000t\000o\000r}{section.5}% 25
\BOOKMARK [2][-]{subsection.5.6}{\376\377\000E\000x\000p\000e\000r\000i\000e\000n\000c\000e\000\040\000a\000n\000d\000\040\000D\000i\000s\000c\000u\000s\000s\000i\000o\000n}{section.5}% 26
\BOOKMARK [1][-]{section.6}{\376\377\000E\000v\000a\000l\000u\000a\000t\000i\000o\000n}{}% 27
\BOOKMARK [2][-]{subsection.6.1}{\376\377\000M\000i\000c\000r\000o\000-\000\040\000a\000n\000d\000\040\000M\000a\000c\000r\000o\000-\000b\000e\000n\000c\000h\000m\000a\000r\000k\000\040\000R\000e\000s\000u\000l\000t\000s}{section.6}% 28
\BOOKMARK [2][-]{subsection.6.2}{\376\377\000A\000p\000p\000l\000i\000c\000a\000t\000i\000o\000n\000\040\000P\000e\000r\000f\000o\000r\000m\000a\000n\000c\000e}{section.6}% 29
\BOOKMARK [2][-]{subsection.6.3}{\376\377\000F\000a\000i\000l\000u\000r\000e\000\040\000A\000n\000a\000l\000y\000s\000i\000s}{section.6}% 30
\BOOKMARK [1][-]{section.7}{\376\377\000R\000e\000l\000a\000t\000e\000d\000\040\000W\000o\000r\000k}{}% 31
\BOOKMARK [1][-]{section.8}{\376\377\000D\000i\000s\000c\000u\000s\000s\000i\000o\000n\000\040\000a\000n\000d\000\040\000C\000o\000n\000c\000l\000u\000s\000i\000o\000n}{}% 32
