\BOOKMARK [1][-]{section*.1}{\376\377\000A\000b\000s\000t\000r\000a\000c\000t}{}% 1
\BOOKMARK [1][-]{section.1}{\376\377\0001\000\040\000I\000n\000t\000r\000o\000d\000u\000c\000t\000i\000o\000n}{}% 2
\BOOKMARK [1][-]{section.2}{\376\377\0002\000\040\000M\000o\000t\000i\000v\000a\000t\000i\000o\000n}{}% 3
\BOOKMARK [2][-]{subsection.2.1}{\376\377\0002\000.\0001\000\040\000P\000e\000r\000s\000i\000s\000t\000e\000n\000t\000\040\000M\000e\000m\000o\000r\000y\000\040\000a\000n\000d\000\040\000P\000M\000\040\000A\000p\000p\000s}{section.2}% 4
\BOOKMARK [2][-]{subsection.2.2}{\376\377\0002\000.\0002\000\040\000S\000h\000a\000r\000e\000d\000\040\000M\000e\000m\000o\000r\000y\000\040\000A\000p\000p\000l\000i\000c\000a\000t\000i\000o\000n\000s}{section.2}% 5
\BOOKMARK [2][-]{subsection.2.3}{\376\377\0002\000.\0003\000\040\000F\000a\000s\000t\000\040\000N\000e\000t\000w\000o\000r\000k\000\040\000a\000n\000d\000\040\000R\000D\000M\000A}{section.2}% 6
\BOOKMARK [2][-]{subsection.2.4}{\376\377\0002\000.\0004\000\040\000L\000a\000c\000k\000\040\000o\000f\000\040\000D\000i\000s\000t\000r\000i\000b\000u\000t\000e\000d\000\040\000P\000M\000\040\000S\000u\000p\000p\000o\000r\000t}{section.2}% 7
\BOOKMARK [1][-]{section.3}{\376\377\0003\000\040\000D\000i\000s\000t\000r\000i\000b\000u\000t\000e\000d\000\040\000S\000h\000a\000r\000e\000d\000\040\000P\000e\000r\000s\000i\000s\000t\000e\000n\000t\000\040\000M\000e\000m\000o\000r\000y}{}% 8
\BOOKMARK [2][-]{subsection.3.1}{\376\377\0003\000.\0001\000\040\000D\000S\000P\000M\000\040\000B\000e\000n\000e\000f\000i\000t\000s\000\040\000a\000n\000d\000\040\000U\000s\000a\000g\000e\000\040\000S\000c\000e\000n\000a\000r\000i\000o\000s}{section.3}% 9
\BOOKMARK [2][-]{subsection.3.2}{\376\377\0003\000.\0002\000\040\000D\000S\000P\000M\000\040\000C\000h\000a\000l\000l\000e\000n\000g\000e\000s}{section.3}% 10
\BOOKMARK [1][-]{section.4}{\376\377\0004\000\040\000H\000o\000t\000p\000o\000t\000\040\000A\000r\000c\000h\000i\000t\000e\000c\000t\000u\000r\000e\000\040\000a\000n\000d\000\040\000A\000b\000s\000t\000r\000a\000c\000t\000i\000o\000n}{}% 11
\BOOKMARK [2][-]{subsection.4.1}{\376\377\0004\000.\0001\000\040\000A\000p\000p\000l\000i\000c\000a\000t\000i\000o\000n\000\040\000E\000x\000e\000c\000u\000t\000i\000o\000n\000\040\000a\000n\000d\000\040\000D\000a\000t\000a\000\040\000A\000c\000c\000e\000s\000s\000\040\000A\000b\000s\000t\000r\000a\000c\000t\000i\000o\000n}{section.4}% 12
\BOOKMARK [2][-]{subsection.4.2}{\376\377\0004\000.\0002\000\040\000P\000e\000r\000s\000i\000s\000t\000e\000n\000t\000\040\000N\000a\000m\000i\000n\000g}{section.4}% 13
\BOOKMARK [2][-]{subsection.4.3}{\376\377\0004\000.\0003\000\040\000C\000o\000n\000s\000i\000s\000t\000e\000n\000t\000\040\000a\000n\000d\000\040\000P\000e\000r\000s\000i\000s\000t\000e\000n\000t\000\040\000P\000o\000i\000n\000t\000e\000r\000s}{section.4}% 14
\BOOKMARK [1][-]{section.5}{\376\377\0005\000\040\000D\000a\000t\000a\000\040\000M\000a\000n\000a\000g\000e\000m\000e\000n\000t\000\040\000a\000n\000d\000\040\000A\000c\000c\000e\000s\000s}{}% 15
\BOOKMARK [2][-]{subsection.5.1}{\376\377\0005\000.\0001\000\040\000P\000M\000\040\000P\000a\000g\000e\000\040\000M\000o\000r\000p\000h\000a\000b\000l\000e\000\040\000S\000t\000a\000t\000e\000s}{section.5}% 16
\BOOKMARK [2][-]{subsection.5.2}{\376\377\0005\000.\0002\000\040\000D\000a\000t\000a\000\040\000O\000r\000g\000a\000n\000i\000z\000a\000t\000i\000o\000n}{section.5}% 17
\BOOKMARK [2][-]{subsection.5.3}{\376\377\0005\000.\0003\000\040\000D\000a\000t\000a\000\040\000R\000e\000a\000d\000s\000\040\000a\000n\000d\000\040\000W\000r\000i\000t\000e\000s}{section.5}% 18
\BOOKMARK [2][-]{subsection.5.4}{\376\377\0005\000.\0004\000\040\000P\000M\000\040\000P\000a\000g\000e\000\040\000A\000l\000l\000o\000c\000a\000t\000i\000o\000n\000\040\000a\000n\000d\000\040\000E\000v\000i\000c\000t\000i\000o\000n}{section.5}% 19
\BOOKMARK [2][-]{subsection.5.5}{\376\377\0005\000.\0005\000\040\000C\000h\000u\000n\000k\000\040\000O\000N\000\040\000M\000i\000g\000r\000a\000t\000i\000o\000n}{section.5}% 20
\BOOKMARK [1][-]{section.6}{\376\377\0006\000\040\000D\000a\000t\000a\000\040\000D\000u\000r\000a\000b\000i\000l\000i\000t\000y\000,\000\040\000C\000o\000n\000s\000i\000s\000t\000e\000n\000c\000y\000,\000\040\000a\000n\000d\000\040\000R\000e\000l\000i\000a\000b\000i\000l\000i\000t\000y}{}% 21
\BOOKMARK [2][-]{subsection.6.1}{\376\377\0006\000.\0001\000\040\000S\000i\000n\000g\000l\000e\000-\000N\000o\000d\000e\000\040\000P\000e\000r\000s\000i\000s\000t\000e\000n\000c\000e\000\040\000a\000n\000d\000\040\000C\000o\000n\000s\000i\000s\000t\000e\000n\000c\000y}{section.6}% 22
\BOOKMARK [2][-]{subsection.6.2}{\376\377\0006\000.\0002\000\040\000M\000R\000M\000W\000\040\000M\000o\000d\000e}{section.6}% 23
\BOOKMARK [2][-]{subsection.6.3}{\376\377\0006\000.\0003\000\040\000M\000R\000S\000W\000\040\000M\000o\000d\000e}{section.6}% 24
\BOOKMARK [2][-]{subsection.6.4}{\376\377\0006\000.\0004\000\040\000C\000r\000a\000s\000h\000\040\000R\000e\000c\000o\000v\000e\000r\000y}{section.6}% 25
\BOOKMARK [1][-]{section.7}{\376\377\0007\000\040\000N\000e\000t\000w\000o\000r\000k\000\040\000L\000a\000y\000e\000r}{}% 26
\BOOKMARK [1][-]{section.8}{\376\377\0008\000\040\000A\000p\000p\000l\000i\000c\000a\000t\000i\000o\000n\000s\000\040\000a\000n\000d\000\040\000E\000v\000a\000l\000u\000a\000t\000i\000o\000n}{}% 27
\BOOKMARK [2][-]{subsection.8.1}{\376\377\0008\000.\0001\000\040\000S\000y\000s\000t\000e\000m\000s\000\040\000i\000n\000\040\000C\000o\000m\000p\000a\000r\000i\000s\000o\000n}{section.8}% 28
\BOOKMARK [2][-]{subsection.8.2}{\376\377\0008\000.\0002\000\040\000I\000n\000-\000M\000e\000m\000o\000r\000y\000\040\000N\000o\000S\000Q\000L\000\040\000D\000a\000t\000a\000b\000a\000s\000e}{section.8}% 29
\BOOKMARK [2][-]{subsection.8.3}{\376\377\0008\000.\0003\000\040\000D\000i\000s\000t\000r\000i\000b\000u\000t\000e\000d\000\040\000\050\000P\000e\000r\000s\000i\000s\000t\000e\000n\000t\000\051\000\040\000G\000r\000a\000p\000h}{section.8}% 30
\BOOKMARK [2][-]{subsection.8.4}{\376\377\0008\000.\0004\000\040\000M\000i\000c\000r\000o\000-\000B\000e\000n\000c\000h\000m\000a\000r\000k\000\040\000R\000e\000s\000u\000l\000t\000s}{section.8}% 31
\BOOKMARK [1][-]{section.9}{\376\377\0009\000\040\000R\000e\000l\000a\000t\000e\000d\000\040\000W\000o\000r\000k}{}% 32
\BOOKMARK [1][-]{section.10}{\376\377\0001\0000\000\040\000C\000o\000n\000c\000l\000u\000s\000i\000o\000n}{}% 33
\BOOKMARK [1][-]{section*.20}{\376\377\000R\000e\000f\000e\000r\000e\000n\000c\000e\000s}{}% 34
